<?xml version="1.0" encoding="UTF-8"?>
<!-- Generated by org.testng.reporters.JUnitReportReporter -->
<testsuite hostname="DESKTOP-QO8R8V5" failures="0" tests="1" name="package1.sumvalidations" time="1.054" errors="0" timestamp="2023-03-14T13:13:30 IST" skipped="0">
  <testcase classname="package1.sumvalidations" name="SumOfCourses" time="1.054"/>
  <system-out/>
</testsuite> <!-- package1.sumvalidations -->
